This file contains any messages produced by compilers while
running configure, to aid debugging if configure makes a mistake.

It was created by CLIB_Array configure 0.1, which was
generated by GNU Autoconf 2.69.  Invocation command line was

  $ ../configure 

## --------- ##
## Platform. ##
## --------- ##

hostname = austin-ThinkPad-T480
uname -m = x86_64
uname -r = 4.15.0-34-generic
uname -s = Linux
uname -v = #37-Ubuntu SMP Mon Aug 27 15:21:48 UTC 2018

/usr/bin/uname -p = unknown
/bin/uname -X     = unknown

/bin/arch              = unknown
/usr/bin/arch -k       = unknown
/usr/convex/getsysinfo = unknown
/usr/bin/hostinfo      = unknown
/bin/machine           = unknown
/usr/bin/oslevel       = unknown
/bin/universe          = unknown

PATH: /home/austin/.cargo/bin
PATH: /usr/local/sbin
PATH: /usr/local/bin
PATH: /usr/sbin
PATH: /usr/bin
PATH: /sbin
PATH: /bin
PATH: /usr/games
PATH: /usr/local/games
PATH: /snap/bin


## ----------- ##
## Core tests. ##
## ----------- ##

configure:2325: checking for a BSD-compatible install
configure:2393: result: /usr/bin/install -c
configure:2404: checking whether build environment is sane
configure:2459: result: yes
configure:2610: checking for a thread-safe mkdir -p
configure:2649: result: /bin/mkdir -p
configure:2656: checking for gawk
configure:2672: found /usr/bin/gawk
configure:2683: result: gawk
configure:2694: checking whether make sets $(MAKE)
configure:2716: result: yes
configure:2745: checking whether make supports nested variables
configure:2762: result: yes
configure:2943: checking for gcc
configure:2959: found /usr/bin/gcc
configure:2970: result: gcc
configure:3199: checking for C compiler version
configure:3208: gcc --version >&5
gcc (Ubuntu 7.3.0-27ubuntu1~18.04) 7.3.0
Copyright (C) 2017 Free Software Foundation, Inc.
This is free software; see the source for copying conditions.  There is NO
warranty; not even for MERCHANTABILITY or FITNESS FOR A PARTICULAR PURPOSE.

configure:3219: $? = 0
configure:3208: gcc -v >&5
Using built-in specs.
COLLECT_GCC=gcc
COLLECT_LTO_WRAPPER=/usr/lib/gcc/x86_64-linux-gnu/7/lto-wrapper
OFFLOAD_TARGET_NAMES=nvptx-none
OFFLOAD_TARGET_DEFAULT=1
Target: x86_64-linux-gnu
Configured with: ../src/configure -v --with-pkgversion='Ubuntu 7.3.0-27ubuntu1~18.04' --with-bugurl=file:///usr/share/doc/gcc-7/README.Bugs --enable-languages=c,ada,c++,go,brig,d,fortran,objc,obj-c++ --prefix=/usr --with-gcc-major-version-only --program-suffix=-7 --program-prefix=x86_64-linux-gnu- --enable-shared --enable-linker-build-id --libexecdir=/usr/lib --without-included-gettext --enable-threads=posix --libdir=/usr/lib --enable-nls --with-sysroot=/ --enable-clocale=gnu --enable-libstdcxx-debug --enable-libstdcxx-time=yes --with-default-libstdcxx-abi=new --enable-gnu-unique-object --disable-vtable-verify --enable-libmpx --enable-plugin --enable-default-pie --with-system-zlib --with-target-system-zlib --enable-objc-gc=auto --enable-multiarch --disable-werror --with-arch-32=i686 --with-abi=m64 --with-multilib-list=m32,m64,mx32 --enable-multilib --with-tune=generic --enable-offload-targets=nvptx-none --without-cuda-driver --enable-checking=release --build=x86_64-linux-gnu --host=x86_64-linux-gnu --target=x86_64-linux-gnu
Thread model: posix
gcc version 7.3.0 (Ubuntu 7.3.0-27ubuntu1~18.04) 
configure:3219: $? = 0
configure:3208: gcc -V >&5
gcc: error: unrecognized command line option '-V'
gcc: fatal error: no input files
compilation terminated.
configure:3219: $? = 1
configure:3208: gcc -qversion >&5
gcc: error: unrecognized command line option '-qversion'; did you mean '--version'?
gcc: fatal error: no input files
compilation terminated.
configure:3219: $? = 1
configure:3239: checking whether the C compiler works
configure:3261: gcc    conftest.c  >&5
configure:3265: $? = 0
configure:3313: result: yes
configure:3316: checking for C compiler default output file name
configure:3318: result: a.out
configure:3324: checking for suffix of executables
configure:3331: gcc -o conftest    conftest.c  >&5
configure:3335: $? = 0
configure:3357: result: 
configure:3379: checking whether we are cross compiling
configure:3387: gcc -o conftest    conftest.c  >&5
configure:3391: $? = 0
configure:3398: ./conftest
configure:3402: $? = 0
configure:3417: result: no
configure:3422: checking for suffix of object files
configure:3444: gcc -c   conftest.c >&5
configure:3448: $? = 0
configure:3469: result: o
configure:3473: checking whether we are using the GNU C compiler
configure:3492: gcc -c   conftest.c >&5
configure:3492: $? = 0
configure:3501: result: yes
configure:3510: checking whether gcc accepts -g
configure:3530: gcc -c -g  conftest.c >&5
configure:3530: $? = 0
configure:3571: result: yes
configure:3588: checking for gcc option to accept ISO C89
configure:3651: gcc  -c -g -O2  conftest.c >&5
configure:3651: $? = 0
configure:3664: result: none needed
configure:3689: checking whether gcc understands -c and -o together
configure:3711: gcc -c conftest.c -o conftest2.o
configure:3714: $? = 0
configure:3711: gcc -c conftest.c -o conftest2.o
configure:3714: $? = 0
configure:3726: result: yes
configure:3754: checking for style of include used by make
configure:3782: result: GNU
configure:3808: checking dependency style of gcc
configure:3919: result: gcc3
configure:3964: checking build system type
configure:3978: result: x86_64-pc-linux-gnu
configure:3998: checking host system type
configure:4011: result: x86_64-pc-linux-gnu
configure:4052: checking how to print strings
configure:4079: result: printf
configure:4100: checking for a sed that does not truncate output
configure:4164: result: /bin/sed
configure:4182: checking for grep that handles long lines and -e
configure:4240: result: /bin/grep
configure:4245: checking for egrep
configure:4307: result: /bin/grep -E
configure:4312: checking for fgrep
configure:4374: result: /bin/grep -F
configure:4409: checking for ld used by gcc
configure:4476: result: /usr/bin/ld
configure:4483: checking if the linker (/usr/bin/ld) is GNU ld
configure:4498: result: yes
configure:4510: checking for BSD- or MS-compatible name lister (nm)
configure:4564: result: /usr/bin/nm -B
configure:4694: checking the name lister (/usr/bin/nm -B) interface
configure:4701: gcc -c -g -O2  conftest.c >&5
configure:4704: /usr/bin/nm -B "conftest.o"
configure:4707: output
0000000000000000 B some_variable
configure:4714: result: BSD nm
configure:4717: checking whether ln -s works
configure:4721: result: yes
configure:4729: checking the maximum length of command line arguments
configure:4860: result: 1572864
configure:4908: checking how to convert x86_64-pc-linux-gnu file names to x86_64-pc-linux-gnu format
configure:4948: result: func_convert_file_noop
configure:4955: checking how to convert x86_64-pc-linux-gnu file names to toolchain format
configure:4975: result: func_convert_file_noop
configure:4982: checking for /usr/bin/ld option to reload object files
configure:4989: result: -r
configure:5063: checking for objdump
configure:5079: found /usr/bin/objdump
configure:5090: result: objdump
configure:5122: checking how to recognize dependent libraries
configure:5322: result: pass_all
configure:5407: checking for dlltool
configure:5437: result: no
configure:5467: checking how to associate runtime and link libraries
configure:5494: result: printf %s\n
configure:5555: checking for ar
configure:5571: found /usr/bin/ar
configure:5582: result: ar
configure:5619: checking for archiver @FILE support
configure:5636: gcc -c -g -O2  conftest.c >&5
configure:5636: $? = 0
configure:5639: ar cru libconftest.a @conftest.lst >&5
ar: `u' modifier ignored since `D' is the default (see `U')
configure:5642: $? = 0
configure:5647: ar cru libconftest.a @conftest.lst >&5
ar: `u' modifier ignored since `D' is the default (see `U')
ar: conftest.o: No such file or directory
configure:5650: $? = 1
configure:5662: result: @
configure:5720: checking for strip
configure:5736: found /usr/bin/strip
configure:5747: result: strip
configure:5819: checking for ranlib
configure:5835: found /usr/bin/ranlib
configure:5846: result: ranlib
configure:5948: checking command to parse /usr/bin/nm -B output from gcc object
configure:6101: gcc -c -g -O2  conftest.c >&5
configure:6104: $? = 0
configure:6108: /usr/bin/nm -B conftest.o \| sed -n -e 's/^.*[ ]\([ABCDGIRSTW][ABCDGIRSTW]*\)[ ][ ]*\([_A-Za-z][_A-Za-z0-9]*\)$/\1 \2 \2/p' | sed '/ __gnu_lto/d' \> conftest.nm
configure:6111: $? = 0
configure:6177: gcc -o conftest -g -O2   conftest.c conftstm.o >&5
configure:6180: $? = 0
configure:6218: result: ok
configure:6265: checking for sysroot
configure:6295: result: no
configure:6302: checking for a working dd
configure:6340: result: /bin/dd
configure:6344: checking how to truncate binary pipes
configure:6359: result: /bin/dd bs=4096 count=1
configure:6495: gcc -c -g -O2  conftest.c >&5
configure:6498: $? = 0
configure:6688: checking for mt
configure:6704: found /bin/mt
configure:6715: result: mt
configure:6738: checking if mt is a manifest tool
configure:6744: mt '-?'
configure:6752: result: no
configure:7429: checking how to run the C preprocessor
configure:7460: gcc -E  conftest.c
configure:7460: $? = 0
configure:7474: gcc -E  conftest.c
conftest.c:11:10: fatal error: ac_nonexistent.h: No such file or directory
 #include <ac_nonexistent.h>
          ^~~~~~~~~~~~~~~~~~
compilation terminated.
configure:7474: $? = 1
configure: failed program was:
| /* confdefs.h */
| #define PACKAGE_NAME "CLIB_Array"
| #define PACKAGE_TARNAME "clib_array"
| #define PACKAGE_VERSION "0.1"
| #define PACKAGE_STRING "CLIB_Array 0.1"
| #define PACKAGE_BUGREPORT "austin.chase.m@gmail.com"
| #define PACKAGE_URL ""
| #define PACKAGE "clib_array"
| #define VERSION "0.1"
| /* end confdefs.h.  */
| #include <ac_nonexistent.h>
configure:7499: result: gcc -E
configure:7519: gcc -E  conftest.c
configure:7519: $? = 0
configure:7533: gcc -E  conftest.c
conftest.c:11:10: fatal error: ac_nonexistent.h: No such file or directory
 #include <ac_nonexistent.h>
          ^~~~~~~~~~~~~~~~~~
compilation terminated.
configure:7533: $? = 1
configure: failed program was:
| /* confdefs.h */
| #define PACKAGE_NAME "CLIB_Array"
| #define PACKAGE_TARNAME "clib_array"
| #define PACKAGE_VERSION "0.1"
| #define PACKAGE_STRING "CLIB_Array 0.1"
| #define PACKAGE_BUGREPORT "austin.chase.m@gmail.com"
| #define PACKAGE_URL ""
| #define PACKAGE "clib_array"
| #define VERSION "0.1"
| /* end confdefs.h.  */
| #include <ac_nonexistent.h>
configure:7562: checking for ANSI C header files
configure:7582: gcc -c -g -O2  conftest.c >&5
configure:7582: $? = 0
configure:7655: gcc -o conftest -g -O2   conftest.c  >&5
configure:7655: $? = 0
configure:7655: ./conftest
configure:7655: $? = 0
configure:7666: result: yes
configure:7679: checking for sys/types.h
configure:7679: gcc -c -g -O2  conftest.c >&5
configure:7679: $? = 0
configure:7679: result: yes
configure:7679: checking for sys/stat.h
configure:7679: gcc -c -g -O2  conftest.c >&5
configure:7679: $? = 0
configure:7679: result: yes
configure:7679: checking for stdlib.h
configure:7679: gcc -c -g -O2  conftest.c >&5
configure:7679: $? = 0
configure:7679: result: yes
configure:7679: checking for string.h
configure:7679: gcc -c -g -O2  conftest.c >&5
configure:7679: $? = 0
configure:7679: result: yes
configure:7679: checking for memory.h
configure:7679: gcc -c -g -O2  conftest.c >&5
configure:7679: $? = 0
configure:7679: result: yes
configure:7679: checking for strings.h
configure:7679: gcc -c -g -O2  conftest.c >&5
configure:7679: $? = 0
configure:7679: result: yes
configure:7679: checking for inttypes.h
configure:7679: gcc -c -g -O2  conftest.c >&5
configure:7679: $? = 0
configure:7679: result: yes
configure:7679: checking for stdint.h
configure:7679: gcc -c -g -O2  conftest.c >&5
configure:7679: $? = 0
configure:7679: result: yes
configure:7679: checking for unistd.h
configure:7679: gcc -c -g -O2  conftest.c >&5
configure:7679: $? = 0
configure:7679: result: yes
configure:7693: checking for dlfcn.h
configure:7693: gcc -c -g -O2  conftest.c >&5
configure:7693: $? = 0
configure:7693: result: yes
configure:7949: checking for objdir
configure:7964: result: .libs
configure:8224: checking if gcc supports -fno-rtti -fno-exceptions
configure:8242: gcc -c -g -O2  -fno-rtti -fno-exceptions conftest.c >&5
cc1: warning: command line option '-fno-rtti' is valid for C++/ObjC++ but not for C
configure:8246: $? = 0
configure:8259: result: no
configure:8617: checking for gcc option to produce PIC
configure:8624: result: -fPIC -DPIC
configure:8632: checking if gcc PIC flag -fPIC -DPIC works
configure:8650: gcc -c -g -O2  -fPIC -DPIC -DPIC conftest.c >&5
configure:8654: $? = 0
configure:8667: result: yes
configure:8696: checking if gcc static flag -static works
configure:8724: result: yes
configure:8739: checking if gcc supports -c -o file.o
configure:8760: gcc -c -g -O2  -o out/conftest2.o conftest.c >&5
configure:8764: $? = 0
configure:8786: result: yes
configure:8794: checking if gcc supports -c -o file.o
configure:8841: result: yes
configure:8874: checking whether the gcc linker (/usr/bin/ld -m elf_x86_64) supports shared libraries
configure:10137: result: yes
configure:10174: checking whether -lc should be explicitly linked in
configure:10182: gcc -c -g -O2  conftest.c >&5
configure:10185: $? = 0
configure:10200: gcc -shared  -fPIC -DPIC conftest.o  -v -Wl,-soname -Wl,conftest -o conftest 2\>\&1 \| /bin/grep  -lc  \>/dev/null 2\>\&1
configure:10203: $? = 0
configure:10217: result: no
configure:10377: checking dynamic linker characteristics
configure:10958: gcc -o conftest -g -O2   -Wl,-rpath -Wl,/foo conftest.c  >&5
configure:10958: $? = 0
configure:11207: result: GNU/Linux ld.so
configure:11329: checking how to hardcode library paths into programs
configure:11354: result: immediate
configure:11902: checking whether stripping libraries is possible
configure:11907: result: yes
configure:11942: checking if libtool supports shared libraries
configure:11944: result: yes
configure:11947: checking whether to build shared libraries
configure:11972: result: yes
configure:11975: checking whether to build static libraries
configure:11979: result: yes
configure:12024: checking stddef.h usability
configure:12024: gcc -c -g -O2  conftest.c >&5
configure:12024: $? = 0
configure:12024: result: yes
configure:12024: checking stddef.h presence
configure:12024: gcc -E  conftest.c
configure:12024: $? = 0
configure:12024: result: yes
configure:12024: checking for stddef.h
configure:12024: result: yes
configure:12024: checking for stdlib.h
configure:12024: result: yes
configure:12024: checking for string.h
configure:12024: result: yes
configure:12036: checking for stdbool.h that conforms to C99
configure:12103: gcc -c -g -O2  conftest.c >&5
configure:12103: $? = 0
configure:12110: result: yes
configure:12112: checking for _Bool
configure:12112: gcc -c -g -O2  conftest.c >&5
configure:12112: $? = 0
configure:12112: gcc -c -g -O2  conftest.c >&5
conftest.c: In function 'main':
conftest.c:62:20: error: expected expression before ')' token
 if (sizeof ((_Bool)))
                    ^
configure:12112: $? = 1
configure: failed program was:
| /* confdefs.h */
| #define PACKAGE_NAME "CLIB_Array"
| #define PACKAGE_TARNAME "clib_array"
| #define PACKAGE_VERSION "0.1"
| #define PACKAGE_STRING "CLIB_Array 0.1"
| #define PACKAGE_BUGREPORT "austin.chase.m@gmail.com"
| #define PACKAGE_URL ""
| #define PACKAGE "clib_array"
| #define VERSION "0.1"
| #define STDC_HEADERS 1
| #define HAVE_SYS_TYPES_H 1
| #define HAVE_SYS_STAT_H 1
| #define HAVE_STDLIB_H 1
| #define HAVE_STRING_H 1
| #define HAVE_MEMORY_H 1
| #define HAVE_STRINGS_H 1
| #define HAVE_INTTYPES_H 1
| #define HAVE_STDINT_H 1
| #define HAVE_UNISTD_H 1
| #define HAVE_DLFCN_H 1
| #define LT_OBJDIR ".libs/"
| #define HAVE_STDDEF_H 1
| #define HAVE_STDLIB_H 1
| #define HAVE_STRING_H 1
| /* end confdefs.h.  */
| #include <stdio.h>
| #ifdef HAVE_SYS_TYPES_H
| # include <sys/types.h>
| #endif
| #ifdef HAVE_SYS_STAT_H
| # include <sys/stat.h>
| #endif
| #ifdef STDC_HEADERS
| # include <stdlib.h>
| # include <stddef.h>
| #else
| # ifdef HAVE_STDLIB_H
| #  include <stdlib.h>
| # endif
| #endif
| #ifdef HAVE_STRING_H
| # if !defined STDC_HEADERS && defined HAVE_MEMORY_H
| #  include <memory.h>
| # endif
| # include <string.h>
| #endif
| #ifdef HAVE_STRINGS_H
| # include <strings.h>
| #endif
| #ifdef HAVE_INTTYPES_H
| # include <inttypes.h>
| #endif
| #ifdef HAVE_STDINT_H
| # include <stdint.h>
| #endif
| #ifdef HAVE_UNISTD_H
| # include <unistd.h>
| #endif
| int
| main ()
| {
| if (sizeof ((_Bool)))
| 	    return 0;
|   ;
|   return 0;
| }
configure:12112: result: yes
configure:12127: checking for stdlib.h
configure:12127: result: yes
configure:12137: checking for GNU libc compatible malloc
configure:12161: gcc -o conftest -g -O2   conftest.c  >&5
configure:12161: $? = 0
configure:12161: ./conftest
configure:12161: $? = 0
configure:12171: result: yes
configure:12194: checking for stdlib.h
configure:12194: result: yes
configure:12204: checking for GNU libc compatible realloc
configure:12228: gcc -o conftest -g -O2   conftest.c  >&5
configure:12228: $? = 0
configure:12228: ./conftest
configure:12228: $? = 0
configure:12238: result: yes
configure:12369: checking that generated files are newer than configure
configure:12375: result: done
configure:12398: creating ./config.status

## ---------------------- ##
## Running config.status. ##
## ---------------------- ##

This file was extended by CLIB_Array config.status 0.1, which was
generated by GNU Autoconf 2.69.  Invocation command line was

  CONFIG_FILES    = 
  CONFIG_HEADERS  = 
  CONFIG_LINKS    = 
  CONFIG_COMMANDS = 
  $ ./config.status 

on austin-ThinkPad-T480

config.status:1092: creating Makefile
config.status:1092: creating src/config.h
config.status:1258: src/config.h is unchanged
config.status:1306: executing depfiles commands
config.status:1306: executing libtool commands

## ---------------- ##
## Cache variables. ##
## ---------------- ##

ac_cv_build=x86_64-pc-linux-gnu
ac_cv_c_compiler_gnu=yes
ac_cv_env_CC_set=
ac_cv_env_CC_value=
ac_cv_env_CFLAGS_set=
ac_cv_env_CFLAGS_value=
ac_cv_env_CPPFLAGS_set=
ac_cv_env_CPPFLAGS_value=
ac_cv_env_CPP_set=
ac_cv_env_CPP_value=
ac_cv_env_LDFLAGS_set=
ac_cv_env_LDFLAGS_value=
ac_cv_env_LIBS_set=
ac_cv_env_LIBS_value=
ac_cv_env_LT_SYS_LIBRARY_PATH_set=
ac_cv_env_LT_SYS_LIBRARY_PATH_value=
ac_cv_env_build_alias_set=
ac_cv_env_build_alias_value=
ac_cv_env_host_alias_set=
ac_cv_env_host_alias_value=
ac_cv_env_target_alias_set=
ac_cv_env_target_alias_value=
ac_cv_func_malloc_0_nonnull=yes
ac_cv_func_realloc_0_nonnull=yes
ac_cv_header_dlfcn_h=yes
ac_cv_header_inttypes_h=yes
ac_cv_header_memory_h=yes
ac_cv_header_stdbool_h=yes
ac_cv_header_stdc=yes
ac_cv_header_stddef_h=yes
ac_cv_header_stdint_h=yes
ac_cv_header_stdlib_h=yes
ac_cv_header_string_h=yes
ac_cv_header_strings_h=yes
ac_cv_header_sys_stat_h=yes
ac_cv_header_sys_types_h=yes
ac_cv_header_unistd_h=yes
ac_cv_host=x86_64-pc-linux-gnu
ac_cv_objext=o
ac_cv_path_EGREP='/bin/grep -E'
ac_cv_path_FGREP='/bin/grep -F'
ac_cv_path_GREP=/bin/grep
ac_cv_path_SED=/bin/sed
ac_cv_path_install='/usr/bin/install -c'
ac_cv_path_lt_DD=/bin/dd
ac_cv_path_mkdir=/bin/mkdir
ac_cv_prog_AWK=gawk
ac_cv_prog_CPP='gcc -E'
ac_cv_prog_ac_ct_AR=ar
ac_cv_prog_ac_ct_CC=gcc
ac_cv_prog_ac_ct_MANIFEST_TOOL=mt
ac_cv_prog_ac_ct_OBJDUMP=objdump
ac_cv_prog_ac_ct_RANLIB=ranlib
ac_cv_prog_ac_ct_STRIP=strip
ac_cv_prog_cc_c89=
ac_cv_prog_cc_g=yes
ac_cv_prog_make_make_set=yes
ac_cv_type__Bool=yes
am_cv_CC_dependencies_compiler_type=gcc3
am_cv_make_support_nested_variables=yes
am_cv_prog_cc_c_o=yes
lt_cv_ar_at_file=@
lt_cv_archive_cmds_need_lc=no
lt_cv_deplibs_check_method=pass_all
lt_cv_file_magic_cmd='$MAGIC_CMD'
lt_cv_file_magic_test_file=
lt_cv_ld_reload_flag=-r
lt_cv_nm_interface='BSD nm'
lt_cv_objdir=.libs
lt_cv_path_LD=/usr/bin/ld
lt_cv_path_NM='/usr/bin/nm -B'
lt_cv_path_mainfest_tool=no
lt_cv_prog_compiler_c_o=yes
lt_cv_prog_compiler_pic='-fPIC -DPIC'
lt_cv_prog_compiler_pic_works=yes
lt_cv_prog_compiler_rtti_exceptions=no
lt_cv_prog_compiler_static_works=yes
lt_cv_prog_gnu_ld=yes
lt_cv_sharedlib_from_linklib_cmd='printf %s\n'
lt_cv_shlibpath_overrides_runpath=yes
lt_cv_sys_global_symbol_pipe='sed -n -e '\''s/^.*[	 ]\([ABCDGIRSTW][ABCDGIRSTW]*\)[	 ][	 ]*\([_A-Za-z][_A-Za-z0-9]*\)$/\1 \2 \2/p'\'' | sed '\''/ __gnu_lto/d'\'''
lt_cv_sys_global_symbol_to_c_name_address='sed -n -e '\''s/^: \(.*\) .*$/  {"\1", (void *) 0},/p'\'' -e '\''s/^[ABCDGIRSTW][ABCDGIRSTW]* .* \(.*\)$/  {"\1", (void *) \&\1},/p'\'''
lt_cv_sys_global_symbol_to_c_name_address_lib_prefix='sed -n -e '\''s/^: \(.*\) .*$/  {"\1", (void *) 0},/p'\'' -e '\''s/^[ABCDGIRSTW][ABCDGIRSTW]* .* \(lib.*\)$/  {"\1", (void *) \&\1},/p'\'' -e '\''s/^[ABCDGIRSTW][ABCDGIRSTW]* .* \(.*\)$/  {"lib\1", (void *) \&\1},/p'\'''
lt_cv_sys_global_symbol_to_cdecl='sed -n -e '\''s/^T .* \(.*\)$/extern int \1();/p'\'' -e '\''s/^[ABCDGIRSTW][ABCDGIRSTW]* .* \(.*\)$/extern char \1;/p'\'''
lt_cv_sys_global_symbol_to_import=
lt_cv_sys_max_cmd_len=1572864
lt_cv_to_host_file_cmd=func_convert_file_noop
lt_cv_to_tool_file_cmd=func_convert_file_noop
lt_cv_truncate_bin='/bin/dd bs=4096 count=1'

## ----------------- ##
## Output variables. ##
## ----------------- ##

ACLOCAL='${SHELL} /home/austin/libraries/personal/c-lib/array/build_aux/missing aclocal-1.15'
AMDEPBACKSLASH='\'
AMDEP_FALSE='#'
AMDEP_TRUE=''
AMTAR='$${TAR-tar}'
AM_BACKSLASH='\'
AM_DEFAULT_V='$(AM_DEFAULT_VERBOSITY)'
AM_DEFAULT_VERBOSITY='1'
AM_V='$(V)'
AR='ar'
AUTOCONF='${SHELL} /home/austin/libraries/personal/c-lib/array/build_aux/missing autoconf'
AUTOHEADER='${SHELL} /home/austin/libraries/personal/c-lib/array/build_aux/missing autoheader'
AUTOMAKE='${SHELL} /home/austin/libraries/personal/c-lib/array/build_aux/missing automake-1.15'
AWK='gawk'
CC='gcc'
CCDEPMODE='depmode=gcc3'
CFLAGS='-g -O2'
CPP='gcc -E'
CPPFLAGS=''
CYGPATH_W='echo'
DEFS='-DHAVE_CONFIG_H'
DEPDIR='.deps'
DLLTOOL='false'
DSYMUTIL=''
DUMPBIN=''
ECHO_C=''
ECHO_N='-n'
ECHO_T=''
EGREP='/bin/grep -E'
EXEEXT=''
FGREP='/bin/grep -F'
GREP='/bin/grep'
INSTALL_DATA='${INSTALL} -m 644'
INSTALL_PROGRAM='${INSTALL}'
INSTALL_SCRIPT='${INSTALL}'
INSTALL_STRIP_PROGRAM='$(install_sh) -c -s'
LD='/usr/bin/ld -m elf_x86_64'
LDFLAGS=''
LIBOBJS=''
LIBS=''
LIBTOOL='$(SHELL) $(top_builddir)/libtool'
LIPO=''
LN_S='ln -s'
LTLIBOBJS=''
LT_SYS_LIBRARY_PATH=''
MAKEINFO='${SHELL} /home/austin/libraries/personal/c-lib/array/build_aux/missing makeinfo'
MANIFEST_TOOL=':'
MKDIR_P='/bin/mkdir -p'
NM='/usr/bin/nm -B'
NMEDIT=''
OBJDUMP='objdump'
OBJEXT='o'
OTOOL64=''
OTOOL=''
PACKAGE='clib_array'
PACKAGE_BUGREPORT='austin.chase.m@gmail.com'
PACKAGE_NAME='CLIB_Array'
PACKAGE_STRING='CLIB_Array 0.1'
PACKAGE_TARNAME='clib_array'
PACKAGE_URL=''
PACKAGE_VERSION='0.1'
PATH_SEPARATOR=':'
RANLIB='ranlib'
SED='/bin/sed'
SET_MAKE=''
SHELL='/bin/bash'
STRIP='strip'
VERSION='0.1'
ac_ct_AR='ar'
ac_ct_CC='gcc'
ac_ct_DUMPBIN=''
am__EXEEXT_FALSE=''
am__EXEEXT_TRUE='#'
am__fastdepCC_FALSE='#'
am__fastdepCC_TRUE=''
am__include='include'
am__isrc=' -I$(srcdir)'
am__leading_dot='.'
am__nodep='_no'
am__quote=''
am__tar='$${TAR-tar} chof - "$$tardir"'
am__untar='$${TAR-tar} xf -'
bindir='${exec_prefix}/bin'
build='x86_64-pc-linux-gnu'
build_alias=''
build_cpu='x86_64'
build_os='linux-gnu'
build_vendor='pc'
datadir='${datarootdir}'
datarootdir='${prefix}/share'
docdir='${datarootdir}/doc/${PACKAGE_TARNAME}'
dvidir='${docdir}'
exec_prefix='${prefix}'
host='x86_64-pc-linux-gnu'
host_alias=''
host_cpu='x86_64'
host_os='linux-gnu'
host_vendor='pc'
htmldir='${docdir}'
includedir='${prefix}/include'
infodir='${datarootdir}/info'
install_sh='${SHELL} /home/austin/libraries/personal/c-lib/array/build_aux/install-sh'
libdir='${exec_prefix}/lib'
libexecdir='${exec_prefix}/libexec'
localedir='${datarootdir}/locale'
localstatedir='${prefix}/var'
mandir='${datarootdir}/man'
mkdir_p='$(MKDIR_P)'
oldincludedir='/usr/include'
pdfdir='${docdir}'
prefix='/usr/local'
program_transform_name='s,x,x,'
psdir='${docdir}'
runstatedir='${localstatedir}/run'
sbindir='${exec_prefix}/sbin'
sharedstatedir='${prefix}/com'
sysconfdir='${prefix}/etc'
target_alias=''

## ----------- ##
## confdefs.h. ##
## ----------- ##

/* confdefs.h */
#define PACKAGE_NAME "CLIB_Array"
#define PACKAGE_TARNAME "clib_array"
#define PACKAGE_VERSION "0.1"
#define PACKAGE_STRING "CLIB_Array 0.1"
#define PACKAGE_BUGREPORT "austin.chase.m@gmail.com"
#define PACKAGE_URL ""
#define PACKAGE "clib_array"
#define VERSION "0.1"
#define STDC_HEADERS 1
#define HAVE_SYS_TYPES_H 1
#define HAVE_SYS_STAT_H 1
#define HAVE_STDLIB_H 1
#define HAVE_STRING_H 1
#define HAVE_MEMORY_H 1
#define HAVE_STRINGS_H 1
#define HAVE_INTTYPES_H 1
#define HAVE_STDINT_H 1
#define HAVE_UNISTD_H 1
#define HAVE_DLFCN_H 1
#define LT_OBJDIR ".libs/"
#define HAVE_STDDEF_H 1
#define HAVE_STDLIB_H 1
#define HAVE_STRING_H 1
#define HAVE__BOOL 1
#define HAVE_STDLIB_H 1
#define HAVE_MALLOC 1
#define HAVE_STDLIB_H 1
#define HAVE_REALLOC 1

configure: exit 0
